<?xml version="1.0" encoding="UTF-8"?>
<!-- Generated by org.testng.reporters.JUnitXMLReporter -->
<testsuite ignored="0" hostname="DESKTOP-9RG7NDH" failures="0" tests="2" name="Default test" time="7.43" errors="0" timestamp="2024-04-19T11:05:21 IST">
  <testcase classname="s08_Authorization_Basic_Digest.Authorization_Basic_Digest" name="basicAuth" time="5.926"/>
  <testcase classname="s08_Authorization_Basic_Digest.Authorization_Basic_Digest" name="digestAuth" time="1.386"/>
</testsuite> <!-- Default test -->
