<?xml version="1.0" encoding="UTF-8"?>
<!-- Generated by org.testng.reporters.JUnitXMLReporter -->
<testsuite ignored="0" hostname="DESKTOP-9RG7NDH" failures="0" tests="2" name="Default test" time="5.61" errors="0" timestamp="2024-04-24T11:33:17 IST">
  <testcase classname="s11_Authorization_OAuth2_0.Authorization_OAuth2_0" name="getAccessToken" time="5.038"/>
  <testcase classname="s11_Authorization_OAuth2_0.Authorization_OAuth2_0" name="listInvoice" time="0.473"/>
</testsuite> <!-- Default test -->
