<?xml version="1.0" encoding="UTF-8"?>
<testng-results ignored="0" total="3" passed="3" failed="0" skipped="0">
  <reporter-output>
  </reporter-output>
  <suite started-at="2024-04-15T14:42:30 IST" name="Default suite" finished-at="2024-04-15T14:43:16 IST" duration-ms="46644">
    <groups>
    </groups>
    <test started-at="2024-04-15T14:42:30 IST" name="Default test" finished-at="2024-04-15T14:43:16 IST" duration-ms="46644">
      <class name="s04_ValidateHTTPResponseStatus.CheckForValidResponse">
        <test-method signature="getSingleUser()[pri:0, instance:s04_ValidateHTTPResponseStatus.CheckForValidResponse@6e20b53a]" started-at="2024-04-15T14:42:30 IST" name="getSingleUser" finished-at="2024-04-15T14:42:55 IST" duration-ms="24991" status="PASS">
          <reporter-output>
          </reporter-output>
        </test-method> <!-- getSingleUser -->
        <test-method signature="getSingleUserUsingValidatableResponse()[pri:0, instance:s04_ValidateHTTPResponseStatus.CheckForValidResponse@6e20b53a]" started-at="2024-04-15T14:42:55 IST" name="getSingleUserUsingValidatableResponse" finished-at="2024-04-15T14:42:55 IST" duration-ms="293" status="PASS">
          <reporter-output>
          </reporter-output>
        </test-method> <!-- getSingleUserUsingValidatableResponse -->
        <test-method signature="getSingleUser_BDDStyle()[pri:0, instance:s04_ValidateHTTPResponseStatus.CheckForValidResponse@6e20b53a]" started-at="2024-04-15T14:42:55 IST" name="getSingleUser_BDDStyle" finished-at="2024-04-15T14:43:16 IST" duration-ms="21251" status="PASS">
          <reporter-output>
          </reporter-output>
        </test-method> <!-- getSingleUser_BDDStyle -->
      </class> <!-- s04_ValidateHTTPResponseStatus.CheckForValidResponse -->
    </test> <!-- Default test -->
  </suite> <!-- Default suite -->
</testng-results>
