<?xml version="1.0" encoding="UTF-8"?>
<testng-results ignored="0" total="1" passed="1" failed="0" skipped="0">
  <reporter-output>
  </reporter-output>
  <suite started-at="2024-05-01T21:23:17 IST" name="Default suite" finished-at="2024-05-01T21:23:25 IST" duration-ms="7902">
    <groups>
    </groups>
    <test started-at="2024-05-01T21:23:17 IST" name="Default test" finished-at="2024-05-01T21:23:25 IST" duration-ms="7902">
      <class name="s17_JSONObject_usingJacksonAPI.JSONObject_usingJacksonAPI">
        <test-method signature="createUser()[pri:0, instance:s17_JSONObject_usingJacksonAPI.JSONObject_usingJacksonAPI@4a94ee4]" started-at="2024-05-01T21:23:17 IST" name="createUser" finished-at="2024-05-01T21:23:25 IST" duration-ms="7795" status="PASS">
          <reporter-output>
          </reporter-output>
        </test-method> <!-- createUser -->
      </class> <!-- s17_JSONObject_usingJacksonAPI.JSONObject_usingJacksonAPI -->
    </test> <!-- Default test -->
  </suite> <!-- Default suite -->
</testng-results>
